2025-04-08 19:19:06.737358 - Received CBT.V508.FILE112.PDS from FILE112.XMI 
2025-04-08 19:19:06.746166 - Found $$$#DATE.txt (text/plain) in CBT.V508.FILE112.PDS, moved to PDS/$$$#DATE
2025-04-08 19:19:06.747793 - Found $$NOTE1.txt (text/plain) in CBT.V508.FILE112.PDS, moved to PDS/$$NOTE1
2025-04-08 19:19:06.749164 - Found $$NOTE2.txt (text/plain) in CBT.V508.FILE112.PDS, moved to PDS/$$NOTE2
2025-04-08 19:19:06.750520 - Found $$NOTE3.txt (text/plain) in CBT.V508.FILE112.PDS, moved to PDS/$$NOTE3
2025-04-08 19:19:06.751875 - Found $$UNDOC.txt (text/plain) in CBT.V508.FILE112.PDS, moved to PDS/$$UNDOC
2025-04-08 19:19:06.753315 - Found $CUSTOM.txt (text/plain) in CBT.V508.FILE112.PDS, moved to PDS/$CUSTOM
2025-04-08 19:19:06.754811 - Found $DHC.txt (text/plain) in CBT.V508.FILE112.PDS, moved to PDS/$DHC
2025-04-08 19:19:06.756508 - Found $HELP.txt (text/plain) in CBT.V508.FILE112.PDS, moved to PDS/$HELP
2025-04-08 19:19:06.758145 - Found $INST.txt (text/plain) in CBT.V508.FILE112.PDS, moved to PDS/$INST
2025-04-08 19:19:06.759545 - Found $INSTNEW.jcl (text/plain) in CBT.V508.FILE112.PDS, moved to PDS/$INSTNEW
2025-04-08 19:19:06.760838 - Found $JOB.jcl (text/plain) in CBT.V508.FILE112.PDS, moved to PDS/$JOB
2025-04-08 19:19:06.762250 - Found $MODS.txt (text/plain) in CBT.V508.FILE112.PDS, moved to PDS/$MODS
2025-04-08 19:19:06.763576 - Found $SGASMLK.jcl (text/plain) in CBT.V508.FILE112.PDS, moved to PDS/$SGASMLK
2025-04-08 19:19:06.764947 - Found @AGCOJ1.jcl (text/plain) in CBT.V508.FILE112.PDS, moved to PDS/@AGCOJ1
2025-04-08 19:19:06.766259 - Found @AGCOJ2.txt (text/plain) in CBT.V508.FILE112.PDS, moved to PDS/@AGCOJ2
2025-04-08 19:19:06.767604 - Found @AGCOJ3.txt (text/plain) in CBT.V508.FILE112.PDS, moved to PDS/@AGCOJ3
2025-04-08 19:19:06.769073 - Found @FILE112.txt (text/plain) in CBT.V508.FILE112.PDS, moved to PDS/@FILE112
2025-04-08 19:19:06.770749 - Found ALLOC.txt (text/plain) in CBT.V508.FILE112.PDS, moved to PDS/ALLOC
2025-04-08 19:19:06.772024 - Found CLEAR.txt (text/plain) in CBT.V508.FILE112.PDS, moved to PDS/CLEAR
2025-04-08 19:19:06.773350 - Found CONV.txt (text/plain) in CBT.V508.FILE112.PDS, moved to PDS/CONV
2025-04-08 19:19:06.774731 - Found CONVY2K.txt (text/plain) in CBT.V508.FILE112.PDS, moved to PDS/CONVY2K
2025-04-08 19:19:06.776034 - Found DELVTOCS.rexx (text/plain) in CBT.V508.FILE112.PDS, moved to PDS/DELVTOCS
2025-04-08 19:19:06.777480 - Found DYNSPACE.txt (text/plain) in CBT.V508.FILE112.PDS, moved to PDS/DYNSPACE
2025-04-08 19:19:06.778894 - Found ENTER.txt (text/plain) in CBT.V508.FILE112.PDS, moved to PDS/ENTER
2025-04-08 19:19:06.780445 - Found ENTERX.txt (text/plain) in CBT.V508.FILE112.PDS, moved to PDS/ENTERX
2025-04-08 19:19:06.782141 - Found FREE.txt (text/plain) in CBT.V508.FILE112.PDS, moved to PDS/FREE
2025-04-08 19:19:06.783487 - Found LEAVE.txt (text/plain) in CBT.V508.FILE112.PDS, moved to PDS/LEAVE
2025-04-08 19:19:06.784750 - Found MSGZ.txt (text/plain) in CBT.V508.FILE112.PDS, moved to PDS/MSGZ
2025-04-08 19:19:06.786159 - Found PDEDSNAM.txt (text/plain) in CBT.V508.FILE112.PDS, moved to PDS/PDEDSNAM
2025-04-08 19:19:06.787634 - Found RCPBFRGS.txt (text/plain) in CBT.V508.FILE112.PDS, moved to PDS/RCPBFRGS
2025-04-08 19:19:06.789065 - Found RCPBTU.txt (text/plain) in CBT.V508.FILE112.PDS, moved to PDS/RCPBTU
2025-04-08 19:19:06.790508 - Found RCPBTU2.txt (text/plain) in CBT.V508.FILE112.PDS, moved to PDS/RCPBTU2
2025-04-08 19:19:06.791917 - Found RCPCKID.txt (text/plain) in CBT.V508.FILE112.PDS, moved to PDS/RCPCKID
2025-04-08 19:19:06.793273 - Found RCPDDN.txt (text/plain) in CBT.V508.FILE112.PDS, moved to PDS/RCPDDN
2025-04-08 19:19:06.794627 - Found RCPDDNRT.txt (text/plain) in CBT.V508.FILE112.PDS, moved to PDS/RCPDDNRT
2025-04-08 19:19:06.796063 - Found RCPDEBUG.txt (text/plain) in CBT.V508.FILE112.PDS, moved to PDS/RCPDEBUG
2025-04-08 19:19:06.797398 - Found RCPDFPL.txt (text/plain) in CBT.V508.FILE112.PDS, moved to PDS/RCPDFPL
2025-04-08 19:19:06.799004 - Found RCPDINC.txt (text/plain) in CBT.V508.FILE112.PDS, moved to PDS/RCPDINC
2025-04-08 19:19:06.800319 - Found RCPDISP.txt (text/plain) in CBT.V508.FILE112.PDS, moved to PDS/RCPDISP
2025-04-08 19:19:06.801807 - Found RCPDS.txt (text/plain) in CBT.V508.FILE112.PDS, moved to PDS/RCPDS
2025-04-08 19:19:06.803087 - Found RCPDSECT.txt (text/plain) in CBT.V508.FILE112.PDS, moved to PDS/RCPDSECT
2025-04-08 19:19:06.804512 - Found RCPDSN.txt (text/plain) in CBT.V508.FILE112.PDS, moved to PDS/RCPDSN
2025-04-08 19:19:06.806143 - Found RCPDSNPD.txt (text/plain) in CBT.V508.FILE112.PDS, moved to PDS/RCPDSNPD
2025-04-08 19:19:06.807616 - Found RCPDSNRT.txt (text/plain) in CBT.V508.FILE112.PDS, moved to PDS/RCPDSNRT
2025-04-08 19:19:06.809186 - Found RCPDSRGR.txt (text/plain) in CBT.V508.FILE112.PDS, moved to PDS/RCPDSRGR
2025-04-08 19:19:06.810473 - Found RCPDUMMY.txt (text/plain) in CBT.V508.FILE112.PDS, moved to PDS/RCPDUMMY
2025-04-08 19:19:06.811793 - Found RCPENDD.txt (text/plain) in CBT.V508.FILE112.PDS, moved to PDS/RCPENDD
2025-04-08 19:19:06.813131 - Found RCPFDDN.txt (text/plain) in CBT.V508.FILE112.PDS, moved to PDS/RCPFDDN
2025-04-08 19:19:06.814504 - Found RCPFDISP.txt (text/plain) in CBT.V508.FILE112.PDS, moved to PDS/RCPFDISP
2025-04-08 19:19:06.815884 - Found RCPFDSN.txt (text/plain) in CBT.V508.FILE112.PDS, moved to PDS/RCPFDSN
2025-04-08 19:19:06.817490 - Found RCPFHOLD.txt (text/plain) in CBT.V508.FILE112.PDS, moved to PDS/RCPFHOLD
2025-04-08 19:19:06.818780 - Found RCPFORUS.txt (text/plain) in CBT.V508.FILE112.PDS, moved to PDS/RCPFORUS
2025-04-08 19:19:06.820113 - Found RCPFREE.txt (text/plain) in CBT.V508.FILE112.PDS, moved to PDS/RCPFREE
2025-04-08 19:19:06.821521 - Found RCPIOPL.txt (text/plain) in CBT.V508.FILE112.PDS, moved to PDS/RCPIOPL
2025-04-08 19:19:06.822825 - Found RCPLINK.txt (text/plain) in CBT.V508.FILE112.PDS, moved to PDS/RCPLINK
2025-04-08 19:19:06.824071 - Found RCPLOAD.txt (text/plain) in CBT.V508.FILE112.PDS, moved to PDS/RCPLOAD
2025-04-08 19:19:06.825383 - Found RCPLOCSW.txt (text/plain) in CBT.V508.FILE112.PDS, moved to PDS/RCPLOCSW
2025-04-08 19:19:06.826675 - Found RCPLOCS1.txt (text/plain) in CBT.V508.FILE112.PDS, moved to PDS/RCPLOCS1
2025-04-08 19:19:06.828261 - Found RCPLOCS2.txt (text/plain) in CBT.V508.FILE112.PDS, moved to PDS/RCPLOCS2
2025-04-08 19:19:06.829801 - Found RCPMCA.txt (text/plain) in CBT.V508.FILE112.PDS, moved to PDS/RCPMCA
2025-04-08 19:19:06.831232 - Found RCPNTU.txt (text/plain) in CBT.V508.FILE112.PDS, moved to PDS/RCPNTU
2025-04-08 19:19:06.832646 - Found RCPPERM.txt (text/plain) in CBT.V508.FILE112.PDS, moved to PDS/RCPPERM
2025-04-08 19:19:06.834066 - Found RCPPPL.txt (text/plain) in CBT.V508.FILE112.PDS, moved to PDS/RCPPPL
2025-04-08 19:19:06.835474 - Found RCPPROC.txt (text/plain) in CBT.V508.FILE112.PDS, moved to PDS/RCPPROC
2025-04-08 19:19:06.837073 - Found RCPPSWD.txt (text/plain) in CBT.V508.FILE112.PDS, moved to PDS/RCPPSWD
2025-04-08 19:19:06.838425 - Found RCPQNAME.txt (text/plain) in CBT.V508.FILE112.PDS, moved to PDS/RCPQNAME
2025-04-08 19:19:06.839689 - Found RCPRNGE.txt (text/plain) in CBT.V508.FILE112.PDS, moved to PDS/RCPRNGE
2025-04-08 19:19:06.841026 - Found RCPSPACE.txt (text/plain) in CBT.V508.FILE112.PDS, moved to PDS/RCPSPACE
2025-04-08 19:19:06.842302 - Found RCPSPEC.txt (text/plain) in CBT.V508.FILE112.PDS, moved to PDS/RCPSPEC
2025-04-08 19:19:06.843535 - Found RCPSR2.txt (text/plain) in CBT.V508.FILE112.PDS, moved to PDS/RCPSR2
2025-04-08 19:19:06.844993 - Found RCPSSREQ.txt (text/plain) in CBT.V508.FILE112.PDS, moved to PDS/RCPSSREQ
2025-04-08 19:19:06.846305 - Found RCPSUBL.txt (text/plain) in CBT.V508.FILE112.PDS, moved to PDS/RCPSUBL
2025-04-08 19:19:06.847633 - Found RCPSYSOU.txt (text/plain) in CBT.V508.FILE112.PDS, moved to PDS/RCPSYSOU
2025-04-08 19:19:06.848881 - Found RCPTU.txt (text/plain) in CBT.V508.FILE112.PDS, moved to PDS/RCPTU
2025-04-08 19:19:06.850394 - Found RCPTUBFR.txt (text/plain) in CBT.V508.FILE112.PDS, moved to PDS/RCPTUBFR
2025-04-08 19:19:06.851973 - Found RCPTXTL.txt (text/plain) in CBT.V508.FILE112.PDS, moved to PDS/RCPTXTL
2025-04-08 19:19:06.853229 - Found RCPTYPE.txt (text/plain) in CBT.V508.FILE112.PDS, moved to PDS/RCPTYPE
2025-04-08 19:19:06.854658 - Found RCPUNALC.txt (text/plain) in CBT.V508.FILE112.PDS, moved to PDS/RCPUNALC
2025-04-08 19:19:06.859865 - Found RCPUNIT.txt (text/plain) in CBT.V508.FILE112.PDS, moved to PDS/RCPUNIT
2025-04-08 19:19:06.861579 - Found RCPVCHAR.txt (text/plain) in CBT.V508.FILE112.PDS, moved to PDS/RCPVCHAR
2025-04-08 19:19:06.863045 - Found RCPVOLRT.txt (text/plain) in CBT.V508.FILE112.PDS, moved to PDS/RCPVOLRT
2025-04-08 19:19:06.864661 - Found REGS.txt (text/plain) in CBT.V508.FILE112.PDS, moved to PDS/REGS
2025-04-08 19:19:06.866203 - Found S99FAIL.txt (text/plain) in CBT.V508.FILE112.PDS, moved to PDS/S99FAIL
2025-04-08 19:19:06.867770 - Found VTCALL.txt (text/plain) in CBT.V508.FILE112.PDS, moved to PDS/VTCALL
2025-04-08 19:19:06.869355 - Found VTFMT.txt (text/plain) in CBT.V508.FILE112.PDS, moved to PDS/VTFMT
2025-04-08 19:19:06.871249 - Found VTOC.txt (text/plain) in CBT.V508.FILE112.PDS, moved to PDS/VTOC
2025-04-08 19:19:06.872964 - Found VTOC$.txt (text/plain) in CBT.V508.FILE112.PDS, moved to PDS/VTOC$
2025-04-08 19:19:06.874441 - Found VTOC#C.txt (text/plain) in CBT.V508.FILE112.PDS, moved to PDS/VTOC#C
2025-04-08 19:19:06.875919 - Found VTOC#OLD.txt (text/plain) in CBT.V508.FILE112.PDS, moved to PDS/VTOC#OLD
2025-04-08 19:19:06.877305 - Found VTOC#P.txt (text/plain) in CBT.V508.FILE112.PDS, moved to PDS/VTOC#P
2025-04-08 19:19:06.878823 - Found VTOC#P1.txt (text/plain) in CBT.V508.FILE112.PDS, moved to PDS/VTOC#P1
2025-04-08 19:19:06.880205 - Found VTOC#P2.txt (text/plain) in CBT.V508.FILE112.PDS, moved to PDS/VTOC#P2
2025-04-08 19:19:06.881641 - Found VTOC#P3.txt (text/plain) in CBT.V508.FILE112.PDS, moved to PDS/VTOC#P3
2025-04-08 19:19:06.882933 - Found VTOC#P4.txt (text/plain) in CBT.V508.FILE112.PDS, moved to PDS/VTOC#P4
2025-04-08 19:19:06.884482 - Found VTOC#P5.txt (text/plain) in CBT.V508.FILE112.PDS, moved to PDS/VTOC#P5
2025-04-08 19:19:06.885810 - Found VTOC#P6.txt (text/plain) in CBT.V508.FILE112.PDS, moved to PDS/VTOC#P6
2025-04-08 19:19:06.887461 - Found VTOC#P7.txt (text/plain) in CBT.V508.FILE112.PDS, moved to PDS/VTOC#P7
2025-04-08 19:19:06.888872 - Found VTOC#P8.txt (text/plain) in CBT.V508.FILE112.PDS, moved to PDS/VTOC#P8
2025-04-08 19:19:06.890497 - Found VTOC#410.txt (text/plain) in CBT.V508.FILE112.PDS, moved to PDS/VTOC#410
2025-04-08 19:19:06.892211 - Found VTOCCHEK.txt (text/plain) in CBT.V508.FILE112.PDS, moved to PDS/VTOCCHEK
2025-04-08 19:19:06.894009 - Found VTOCCHEO.txt (text/plain) in CBT.V508.FILE112.PDS, moved to PDS/VTOCCHEO
2025-04-08 19:19:06.895512 - Found VTOCCHE1.txt (text/plain) in CBT.V508.FILE112.PDS, moved to PDS/VTOCCHE1
2025-04-08 19:19:06.897000 - Found VTOCCMD2.txt (text/plain) in CBT.V508.FILE112.PDS, moved to PDS/VTOCCMD2
2025-04-08 19:19:06.898730 - Found VTOCENQ.txt (text/plain) in CBT.V508.FILE112.PDS, moved to PDS/VTOCENQ
2025-04-08 19:19:06.900174 - Found VTOCEXCO.txt (text/plain) in CBT.V508.FILE112.PDS, moved to PDS/VTOCEXCO
2025-04-08 19:19:06.901703 - Found VTOCEXCP.txt (text/plain) in CBT.V508.FILE112.PDS, moved to PDS/VTOCEXCP
2025-04-08 19:19:06.903270 - Found VTOCFORM.txt (text/plain) in CBT.V508.FILE112.PDS, moved to PDS/VTOCFORM
2025-04-08 19:19:06.904784 - Found VTOCFOR1.txt (text/plain) in CBT.V508.FILE112.PDS, moved to PDS/VTOCFOR1
2025-04-08 19:19:06.906373 - Found VTOCMSG.txt (text/plain) in CBT.V508.FILE112.PDS, moved to PDS/VTOCMSG
2025-04-08 19:19:06.907991 - Found VTOCMSGX.txt (text/plain) in CBT.V508.FILE112.PDS, moved to PDS/VTOCMSGX
2025-04-08 19:19:06.909543 - Found VTOCMSZ.txt (text/plain) in CBT.V508.FILE112.PDS, moved to PDS/VTOCMSZ
2025-04-08 19:19:06.910980 - Found VTOCOM.txt (text/plain) in CBT.V508.FILE112.PDS, moved to PDS/VTOCOM
2025-04-08 19:19:06.912728 - Found VTOCPARS.txt (text/plain) in CBT.V508.FILE112.PDS, moved to PDS/VTOCPARS
2025-04-08 19:19:06.914214 - Found VTOCPARX.txt (text/plain) in CBT.V508.FILE112.PDS, moved to PDS/VTOCPARX
2025-04-08 19:19:06.915936 - Found VTOCPRNT.txt (text/plain) in CBT.V508.FILE112.PDS, moved to PDS/VTOCPRNT
2025-04-08 19:19:06.917430 - Found VTOCSORT.txt (text/plain) in CBT.V508.FILE112.PDS, moved to PDS/VTOCSORT
2025-04-08 19:19:06.918866 - Found VTOC00.txt (text/plain) in CBT.V508.FILE112.PDS, moved to PDS/VTOC00
2025-04-08 19:19:06.920366 - Found VTOC02.txt (text/plain) in CBT.V508.FILE112.PDS, moved to PDS/VTOC02
2025-04-08 19:19:06.922270 - Found VTOC112.txt (text/plain) in CBT.V508.FILE112.PDS, moved to PDS/VTOC112
2025-04-08 19:19:06.923891 - Found VTXCPRNT.txt (text/plain) in CBT.V508.FILE112.PDS, moved to PDS/VTXCPRNT
2025-04-08 19:19:06.925680 - Found VT0CPRNT.txt (text/plain) in CBT.V508.FILE112.PDS, moved to PDS/VT0CPRNT
2025-04-08 19:19:06.927415 - Found XXXX0001.txt (text/plain) in CBT.V508.FILE112.PDS, moved to PDS/XXXX0001
2025-04-08 19:19:06.929042 - Found XXXX0002.txt (text/plain) in CBT.V508.FILE112.PDS, moved to PDS/XXXX0002
